Build started 3/7/2013 6:31:44 PM.
     1>Project "D:\Dropbox\CSE\CSE 374\HW6\memoryManager (Visual Stuido)\memoryManager\memoryManager.vcxproj" on node 2 (Build target(s)).
     1>ClCompile:
         C:\Program Files (x86)\Microsoft Visual Studio 11.0\VC\bin\CL.exe /c /ZI /nologo /W3 /WX- /sdl /Od /Oy- /D WIN32 /D _DEBUG /D _CONSOLE /D _UNICODE /D UNICODE /Gm /EHsc /RTC1 /MDd /GS /fp:precise /Zc:wchar_t /Zc:forScope /Fo"Debug\\" /Fd"Debug\vc110.pdb" /Gd /TP /analyze- /errorReport:prompt freemem.c getmem.c
         getmem.c
     1>d:\dropbox\cse\cse 374\hw6\memorymanager (visual stuido)\memorymanager\getmem.c(28): warning C4244: 'initializing' : conversion from 'double' to 'int', possible loss of data
     1>d:\dropbox\cse\cse 374\hw6\memorymanager (visual stuido)\memorymanager\getmem.c(40): warning C4018: '>=' : signed/unsigned mismatch
     1>d:\dropbox\cse\cse 374\hw6\memorymanager (visual stuido)\memorymanager\getmem.c(57): warning C4018: '<' : signed/unsigned mismatch
     1>d:\dropbox\cse\cse 374\hw6\memorymanager (visual stuido)\memorymanager\getmem.c(62): warning C4018: '<' : signed/unsigned mismatch
         freemem.c
     1>d:\dropbox\cse\cse 374\hw6\memorymanager (visual stuido)\memorymanager\freemem.c(39): warning C4018: '<' : signed/unsigned mismatch
     1>d:\dropbox\cse\cse 374\hw6\memorymanager (visual stuido)\memorymanager\freemem.c(45): warning C4018: '>' : signed/unsigned mismatch
     1>d:\dropbox\cse\cse 374\hw6\memorymanager (visual stuido)\memorymanager\freemem.c(73): warning C4018: '>' : signed/unsigned mismatch
     1>d:\dropbox\cse\cse 374\hw6\memorymanager (visual stuido)\memorymanager\freemem.c(73): warning C4018: '<' : signed/unsigned mismatch
         Generating Code...
       Link:
         C:\Program Files (x86)\Microsoft Visual Studio 11.0\VC\bin\link.exe /ERRORREPORT:PROMPT /OUT:"D:\Dropbox\CSE\CSE 374\HW6\memoryManager (Visual Stuido)\Debug\bench.exe" /INCREMENTAL /NOLOGO kernel32.lib user32.lib gdi32.lib winspool.lib comdlg32.lib advapi32.lib shell32.lib ole32.lib oleaut32.lib uuid.lib odbc32.lib odbccp32.lib /MANIFEST /MANIFESTUAC:"level='asInvoker' uiAccess='false'" /manifest:embed /DEBUG /PDB:"D:\Dropbox\CSE\CSE 374\HW6\memoryManager (Visual Stuido)\Debug\bench.pdb" /SUBSYSTEM:CONSOLE /TLBID:1 /DYNAMICBASE /NXCOMPAT /IMPLIB:"D:\Dropbox\CSE\CSE 374\HW6\memoryManager (Visual Stuido)\Debug\bench.lib" /MACHINE:X86 Debug\bench.obj
         Debug\freemem.obj
         Debug\getmem.obj
         Debug\get_mem_stats.obj
         Debug\print_heap.obj
         memoryManager.vcxproj -> D:\Dropbox\CSE\CSE 374\HW6\memoryManager (Visual Stuido)\Debug\bench.exe
     1>Done Building Project "D:\Dropbox\CSE\CSE 374\HW6\memoryManager (Visual Stuido)\memoryManager\memoryManager.vcxproj" (Build target(s)).

Build succeeded.

Time Elapsed 00:00:00.59
